<?xml version="1.0" encoding="UTF-8"?>
<testng-results ignored="0" total="1" passed="1" failed="0" skipped="0">
  <reporter-output>
  </reporter-output>
  <suite started-at="2023-07-13T10:29:39 IST" name="Default suite" finished-at="2023-07-13T10:29:40 IST" duration-ms="105">
    <groups>
    </groups>
    <test started-at="2023-07-13T10:29:39 IST" name="Default test" finished-at="2023-07-13T10:29:40 IST" duration-ms="105">
      <class name="testJenkins.TestJenkins">
        <test-method signature="m()[pri:0, instance:testJenkins.TestJenkins@2cd2a21f]" started-at="2023-07-13T10:29:39 IST" name="m" finished-at="2023-07-13T10:29:40 IST" duration-ms="14" status="PASS">
          <reporter-output>
          </reporter-output>
        </test-method> <!-- m -->
      </class> <!-- testJenkins.TestJenkins -->
    </test> <!-- Default test -->
  </suite> <!-- Default suite -->
</testng-results>
